2019-08-26 09:23:50,152 [Worker-2: Loading available Gradle versions] INFO  o.e.b.c.i.u.g.PublishedGradleVersions - Gradle version information cache is out-of-date. Trying to update.
2019-08-26 09:23:50,543 [Worker-2: Loading available Gradle versions] INFO  o.e.b.c.i.u.g.PublishedGradleVersions - Updating Gradle version information cache failed. Using outdated cache.
2019-08-26 09:36:19,081 [Worker-1: Loading available Gradle versions] INFO  o.e.b.c.i.u.g.PublishedGradleVersions - Gradle version information cache is out-of-date. Trying to update.
2019-08-26 09:36:19,502 [Worker-1: Loading available Gradle versions] INFO  o.e.b.c.i.u.g.PublishedGradleVersions - Updating Gradle version information cache failed. Using outdated cache.
2019-08-26 09:39:31,920 [Worker-46: Update Maven projects configuration] INFO  o.e.m.c.i.p.ProjectConfigurationManager - Update started
2019-08-26 09:48:44,074 [Worker-46: Update Maven projects configuration] WARN  o.e.m.c.i.markers.MarkerUtils - Could not find OSGI service for org.eclipse.m2e.core.internal.markers.IMarkerLocationService
2019-08-26 09:48:44,204 [Worker-46: Update Maven projects configuration] ERROR o.e.m.c.i.p.r.ProjectRegistryManager - Could not lookup required component
org.eclipse.core.runtime.CoreException: Could not lookup required component
	at org.eclipse.m2e.core.internal.embedder.MavenImpl.lookup(MavenImpl.java:1253) ~[na:na]
	at org.eclipse.m2e.core.internal.embedder.MavenImpl.readModel(MavenImpl.java:557) ~[na:na]
	at org.eclipse.m2e.core.internal.embedder.MavenImpl.readModel(MavenImpl.java:568) ~[na:na]
	at org.eclipse.m2e.core.internal.project.registry.ProjectRegistryManager.refreshPhase2(ProjectRegistryManager.java:537) ~[na:na]
	at org.eclipse.m2e.core.internal.project.registry.ProjectRegistryManager.refresh(ProjectRegistryManager.java:493) ~[na:na]
	at org.eclipse.m2e.core.internal.project.registry.ProjectRegistryManager.refresh(ProjectRegistryManager.java:349) ~[na:na]
	at org.eclipse.m2e.core.internal.project.registry.ProjectRegistryManager.refresh(ProjectRegistryManager.java:296) ~[na:na]
	at org.eclipse.m2e.core.internal.project.ProjectConfigurationManager.updateProjectConfiguration0(ProjectConfigurationManager.java:405) ~[na:na]
	at org.eclipse.m2e.core.internal.project.ProjectConfigurationManager$2.call(ProjectConfigurationManager.java:352) ~[na:na]
	at org.eclipse.m2e.core.internal.project.ProjectConfigurationManager$2.call(ProjectConfigurationManager.java:1) ~[na:na]
	at org.eclipse.m2e.core.internal.embedder.MavenExecutionContext.executeBare(MavenExecutionContext.java:177) ~[na:na]
	at org.eclipse.m2e.core.internal.embedder.MavenExecutionContext.execute(MavenExecutionContext.java:151) ~[na:na]
	at org.eclipse.m2e.core.internal.embedder.MavenExecutionContext.execute(MavenExecutionContext.java:99) ~[na:na]
	at org.eclipse.m2e.core.internal.embedder.MavenImpl.execute(MavenImpl.java:1332) ~[na:na]
	at org.eclipse.m2e.core.internal.project.ProjectConfigurationManager.updateProjectConfiguration(ProjectConfigurationManager.java:349) ~[na:na]
	at org.eclipse.m2e.importer.internal.MavenProjectConfigurator$UpdateMavenConfigurationJob.run(MavenProjectConfigurator.java:169) ~[na:na]
	at org.eclipse.core.internal.jobs.Worker.run(Worker.java:63) ~[org.eclipse.core.jobs_3.10.300.v20190215-2048.jar:na]
Caused by: org.codehaus.plexus.component.repository.exception.ComponentLookupException: java.util.NoSuchElementException
      role: org.apache.maven.model.io.ModelReader
  roleHint: 
	at org.codehaus.plexus.DefaultPlexusContainer.lookup(DefaultPlexusContainer.java:267) ~[na:na]
	at org.codehaus.plexus.DefaultPlexusContainer.lookup(DefaultPlexusContainer.java:255) ~[na:na]
	at org.codehaus.plexus.DefaultPlexusContainer.lookup(DefaultPlexusContainer.java:249) ~[na:na]
	at org.eclipse.m2e.core.internal.embedder.MavenImpl.lookup(MavenImpl.java:1251) ~[na:na]
	... 16 common frames omitted
Caused by: java.util.NoSuchElementException: null
	at java.base/java.util.Collections$EmptyIterator.next(Collections.java:4208) ~[na:na]
	at org.codehaus.plexus.DefaultPlexusContainer.lookup(DefaultPlexusContainer.java:263) ~[na:na]
	... 19 common frames omitted
2019-08-26 09:48:44,225 [Worker-46: Update Maven projects configuration] INFO  o.e.m.c.i.p.ProjectConfigurationManager - Update completed: 552 sec
2019-08-26 09:49:55,938 [Worker-1: Loading available Gradle versions] INFO  o.e.b.c.i.u.g.PublishedGradleVersions - Gradle version information cache is out-of-date. Trying to update.
2019-08-26 09:49:56,266 [Worker-1: Loading available Gradle versions] INFO  o.e.b.c.i.u.g.PublishedGradleVersions - Updating Gradle version information cache failed. Using outdated cache.
